<?xml version="1.0" encoding="UTF-8"?>
<testsuite xmlns:xsi="http://www.w3.org/2001/XMLSchema-instance" xsi:noNamespaceSchemaLocation="https://maven.apache.org/surefire/maven-surefire-plugin/xsd/surefire-test-report-3.0.xsd" version="3.0" name="TestSuite" time="105.721" tests="18" errors="0" skipped="0" failures="0">
  <properties>
    <property name="java.specification.version" value="17"/>
    <property name="sun.cpu.isalist" value="amd64"/>
    <property name="sun.jnu.encoding" value="Cp1258"/>
    <property name="java.class.path" value="E:\project automation\maven hybrid framework\target\test-classes;E:\project automation\maven hybrid framework\target\classes;C:\Users\Cko amo\.m2\repository\org\testng\testng\7.9.0\testng-7.9.0.jar;C:\Users\Cko amo\.m2\repository\com\beust\jcommander\1.82\jcommander-1.82.jar;C:\Users\Cko amo\.m2\repository\org\webjars\jquery\3.7.1\jquery-3.7.1.jar;C:\Users\Cko amo\.m2\repository\org\seleniumhq\selenium\selenium-java\4.25.0\selenium-java-4.25.0.jar;C:\Users\Cko amo\.m2\repository\org\seleniumhq\selenium\selenium-api\4.25.0\selenium-api-4.25.0.jar;C:\Users\Cko amo\.m2\repository\org\jspecify\jspecify\1.0.0\jspecify-1.0.0.jar;C:\Users\Cko amo\.m2\repository\org\seleniumhq\selenium\selenium-chrome-driver\4.25.0\selenium-chrome-driver-4.25.0.jar;C:\Users\Cko amo\.m2\repository\org\seleniumhq\selenium\selenium-chromium-driver\4.25.0\selenium-chromium-driver-4.25.0.jar;C:\Users\Cko amo\.m2\repository\org\seleniumhq\selenium\selenium-manager\4.25.0\selenium-manager-4.25.0.jar;C:\Users\Cko amo\.m2\repository\org\seleniumhq\selenium\selenium-devtools-v127\4.25.0\selenium-devtools-v127-4.25.0.jar;C:\Users\Cko amo\.m2\repository\org\seleniumhq\selenium\selenium-devtools-v128\4.25.0\selenium-devtools-v128-4.25.0.jar;C:\Users\Cko amo\.m2\repository\org\seleniumhq\selenium\selenium-devtools-v129\4.25.0\selenium-devtools-v129-4.25.0.jar;C:\Users\Cko amo\.m2\repository\org\seleniumhq\selenium\selenium-devtools-v85\4.25.0\selenium-devtools-v85-4.25.0.jar;C:\Users\Cko amo\.m2\repository\org\seleniumhq\selenium\selenium-edge-driver\4.25.0\selenium-edge-driver-4.25.0.jar;C:\Users\Cko amo\.m2\repository\org\seleniumhq\selenium\selenium-firefox-driver\4.25.0\selenium-firefox-driver-4.25.0.jar;C:\Users\Cko amo\.m2\repository\org\seleniumhq\selenium\selenium-http\4.25.0\selenium-http-4.25.0.jar;C:\Users\Cko amo\.m2\repository\dev\failsafe\failsafe\3.3.2\failsafe-3.3.2.jar;C:\Users\Cko amo\.m2\repository\org\seleniumhq\selenium\selenium-ie-driver\4.25.0\selenium-ie-driver-4.25.0.jar;C:\Users\Cko amo\.m2\repository\org\seleniumhq\selenium\selenium-remote-driver\4.25.0\selenium-remote-driver-4.25.0.jar;C:\Users\Cko amo\.m2\repository\io\opentelemetry\semconv\opentelemetry-semconv\1.25.0-alpha\opentelemetry-semconv-1.25.0-alpha.jar;C:\Users\Cko amo\.m2\repository\io\opentelemetry\opentelemetry-api\1.42.1\opentelemetry-api-1.42.1.jar;C:\Users\Cko amo\.m2\repository\io\opentelemetry\opentelemetry-context\1.42.1\opentelemetry-context-1.42.1.jar;C:\Users\Cko amo\.m2\repository\io\opentelemetry\opentelemetry-exporter-logging\1.42.1\opentelemetry-exporter-logging-1.42.1.jar;C:\Users\Cko amo\.m2\repository\io\opentelemetry\opentelemetry-sdk-common\1.42.1\opentelemetry-sdk-common-1.42.1.jar;C:\Users\Cko amo\.m2\repository\io\opentelemetry\opentelemetry-sdk-extension-autoconfigure-spi\1.42.1\opentelemetry-sdk-extension-autoconfigure-spi-1.42.1.jar;C:\Users\Cko amo\.m2\repository\io\opentelemetry\opentelemetry-sdk-extension-autoconfigure\1.42.1\opentelemetry-sdk-extension-autoconfigure-1.42.1.jar;C:\Users\Cko amo\.m2\repository\io\opentelemetry\opentelemetry-api-incubator\1.42.1-alpha\opentelemetry-api-incubator-1.42.1-alpha.jar;C:\Users\Cko amo\.m2\repository\io\opentelemetry\opentelemetry-sdk-trace\1.42.1\opentelemetry-sdk-trace-1.42.1.jar;C:\Users\Cko amo\.m2\repository\io\opentelemetry\opentelemetry-sdk\1.42.1\opentelemetry-sdk-1.42.1.jar;C:\Users\Cko amo\.m2\repository\io\opentelemetry\opentelemetry-sdk-metrics\1.42.1\opentelemetry-sdk-metrics-1.42.1.jar;C:\Users\Cko amo\.m2\repository\io\opentelemetry\opentelemetry-sdk-logs\1.42.1\opentelemetry-sdk-logs-1.42.1.jar;C:\Users\Cko amo\.m2\repository\org\seleniumhq\selenium\selenium-os\4.25.0\selenium-os-4.25.0.jar;C:\Users\Cko amo\.m2\repository\org\apache\commons\commons-exec\1.4.0\commons-exec-1.4.0.jar;C:\Users\Cko amo\.m2\repository\org\seleniumhq\selenium\selenium-safari-driver\4.25.0\selenium-safari-driver-4.25.0.jar;C:\Users\Cko amo\.m2\repository\org\seleniumhq\selenium\selenium-support\4.25.0\selenium-support-4.25.0.jar;C:\Users\Cko amo\.m2\repository\com\google\auto\service\auto-service-annotations\1.1.1\auto-service-annotations-1.1.1.jar;C:\Users\Cko amo\.m2\repository\com\google\guava\guava\33.3.0-jre\guava-33.3.0-jre.jar;C:\Users\Cko amo\.m2\repository\com\google\guava\failureaccess\1.0.2\failureaccess-1.0.2.jar;C:\Users\Cko amo\.m2\repository\com\google\guava\listenablefuture\9999.0-empty-to-avoid-conflict-with-guava\listenablefuture-9999.0-empty-to-avoid-conflict-with-guava.jar;C:\Users\Cko amo\.m2\repository\com\google\code\findbugs\jsr305\3.0.2\jsr305-3.0.2.jar;C:\Users\Cko amo\.m2\repository\org\checkerframework\checker-qual\3.43.0\checker-qual-3.43.0.jar;C:\Users\Cko amo\.m2\repository\com\google\errorprone\error_prone_annotations\2.28.0\error_prone_annotations-2.28.0.jar;C:\Users\Cko amo\.m2\repository\com\google\j2objc\j2objc-annotations\3.0.0\j2objc-annotations-3.0.0.jar;C:\Users\Cko amo\.m2\repository\net\bytebuddy\byte-buddy\1.15.1\byte-buddy-1.15.1.jar;C:\Users\Cko amo\.m2\repository\org\seleniumhq\selenium\selenium-json\4.25.0\selenium-json-4.25.0.jar;C:\Users\Cko amo\.m2\repository\org\uncommons\reportng\1.1.4\reportng-1.1.4.jar;C:\Users\Cko amo\.m2\repository\velocity\velocity\1.4\velocity-1.4.jar;C:\Users\Cko amo\.m2\repository\com\fasterxml\jackson\core\jackson-core\2.10.0\jackson-core-2.10.0.jar;C:\Users\Cko amo\.m2\repository\com\fasterxml\jackson\core\jackson-databind\2.10.0\jackson-databind-2.10.0.jar;C:\Users\Cko amo\.m2\repository\com\fasterxml\jackson\core\jackson-annotations\2.10.0\jackson-annotations-2.10.0.jar;C:\Users\Cko amo\.m2\repository\com\aventstack\extentreports\5.1.0\extentreports-5.1.0.jar;C:\Users\Cko amo\.m2\repository\io\reactivex\rxjava3\rxjava\3.1.6\rxjava-3.1.6.jar;C:\Users\Cko amo\.m2\repository\org\reactivestreams\reactive-streams\1.0.4\reactive-streams-1.0.4.jar;C:\Users\Cko amo\.m2\repository\org\freemarker\freemarker\2.3.32\freemarker-2.3.32.jar;C:\Users\Cko amo\.m2\repository\org\projectlombok\lombok\1.18.26\lombok-1.18.26.jar;C:\Users\Cko amo\.m2\repository\com\google\code\gson\gson\2.10.1\gson-2.10.1.jar;C:\Users\Cko amo\.m2\repository\org\apache\logging\log4j\log4j-core\2.19.0\log4j-core-2.19.0.jar;C:\Users\Cko amo\.m2\repository\org\apache\logging\log4j\log4j-api\2.19.0\log4j-api-2.19.0.jar;C:\Users\Cko amo\.m2\repository\org\slf4j\slf4j-api\1.7.36\slf4j-api-1.7.36.jar;C:\Users\Cko amo\.m2\repository\velocity\velocity-dep\1.4\velocity-dep-1.4.jar;C:\Users\Cko amo\.m2\repository\com\google\inject\guice\4.1.0\guice-4.1.0.jar;C:\Users\Cko amo\.m2\repository\javax\inject\javax.inject\1\javax.inject-1.jar;C:\Users\Cko amo\.m2\repository\aopalliance\aopalliance\1.0\aopalliance-1.0.jar;C:\Users\Cko amo\.m2\repository\commons-logging\commons-logging\1.2\commons-logging-1.2.jar;C:\Users\Cko amo\.m2\repository\commons-io\commons-io\2.11.0\commons-io-2.11.0.jar;C:\Users\Cko amo\.m2\repository\io\qameta\allure\allure-testng\2.24.0\allure-testng-2.24.0.jar;C:\Users\Cko amo\.m2\repository\io\qameta\allure\allure-java-commons\2.24.0\allure-java-commons-2.24.0.jar;C:\Users\Cko amo\.m2\repository\io\qameta\allure\allure-model\2.24.0\allure-model-2.24.0.jar;C:\Users\Cko amo\.m2\repository\io\qameta\allure\allure-test-filter\2.24.0\allure-test-filter-2.24.0.jar;C:\Users\Cko amo\.m2\repository\org\aspectj\aspectjweaver\1.9.20\aspectjweaver-1.9.20.jar;C:\Users\Cko amo\.m2\repository\org\aeonbits\owner\owner\1.0.12\owner-1.0.12.jar;"/>
    <property name="java.vm.vendor" value="Oracle Corporation"/>
    <property name="sun.arch.data.model" value="64"/>
    <property name="user.variant" value=""/>
    <property name="java.vendor.url" value="https://java.oracle.com/"/>
    <property name="user.timezone" value="Asia/Bangkok"/>
    <property name="user.country.format" value="VN"/>
    <property name="os.name" value="Windows 10"/>
    <property name="java.vm.specification.version" value="17"/>
    <property name="sun.java.launcher" value="SUN_STANDARD"/>
    <property name="user.country" value="GB"/>
    <property name="sun.boot.library.path" value="C:\Program Files\Java\jdk-17\bin"/>
    <property name="sun.java.command" value="C:\Users\Cko amo\AppData\Local\Temp\surefire11740144130652726250\surefirebooter-20241014112202427_3.jar C:\Users\Cko amo\AppData\Local\Temp\surefire11740144130652726250 2024-10-14T11-22-02_182-jvmRun1 surefire-20241014112202427_1tmp surefire_0-20241014112202427_2tmp"/>
    <property name="jdk.debug" value="release"/>
    <property name="surefire.test.class.path" value="E:\project automation\maven hybrid framework\target\test-classes;E:\project automation\maven hybrid framework\target\classes;C:\Users\Cko amo\.m2\repository\org\testng\testng\7.9.0\testng-7.9.0.jar;C:\Users\Cko amo\.m2\repository\com\beust\jcommander\1.82\jcommander-1.82.jar;C:\Users\Cko amo\.m2\repository\org\webjars\jquery\3.7.1\jquery-3.7.1.jar;C:\Users\Cko amo\.m2\repository\org\seleniumhq\selenium\selenium-java\4.25.0\selenium-java-4.25.0.jar;C:\Users\Cko amo\.m2\repository\org\seleniumhq\selenium\selenium-api\4.25.0\selenium-api-4.25.0.jar;C:\Users\Cko amo\.m2\repository\org\jspecify\jspecify\1.0.0\jspecify-1.0.0.jar;C:\Users\Cko amo\.m2\repository\org\seleniumhq\selenium\selenium-chrome-driver\4.25.0\selenium-chrome-driver-4.25.0.jar;C:\Users\Cko amo\.m2\repository\org\seleniumhq\selenium\selenium-chromium-driver\4.25.0\selenium-chromium-driver-4.25.0.jar;C:\Users\Cko amo\.m2\repository\org\seleniumhq\selenium\selenium-manager\4.25.0\selenium-manager-4.25.0.jar;C:\Users\Cko amo\.m2\repository\org\seleniumhq\selenium\selenium-devtools-v127\4.25.0\selenium-devtools-v127-4.25.0.jar;C:\Users\Cko amo\.m2\repository\org\seleniumhq\selenium\selenium-devtools-v128\4.25.0\selenium-devtools-v128-4.25.0.jar;C:\Users\Cko amo\.m2\repository\org\seleniumhq\selenium\selenium-devtools-v129\4.25.0\selenium-devtools-v129-4.25.0.jar;C:\Users\Cko amo\.m2\repository\org\seleniumhq\selenium\selenium-devtools-v85\4.25.0\selenium-devtools-v85-4.25.0.jar;C:\Users\Cko amo\.m2\repository\org\seleniumhq\selenium\selenium-edge-driver\4.25.0\selenium-edge-driver-4.25.0.jar;C:\Users\Cko amo\.m2\repository\org\seleniumhq\selenium\selenium-firefox-driver\4.25.0\selenium-firefox-driver-4.25.0.jar;C:\Users\Cko amo\.m2\repository\org\seleniumhq\selenium\selenium-http\4.25.0\selenium-http-4.25.0.jar;C:\Users\Cko amo\.m2\repository\dev\failsafe\failsafe\3.3.2\failsafe-3.3.2.jar;C:\Users\Cko amo\.m2\repository\org\seleniumhq\selenium\selenium-ie-driver\4.25.0\selenium-ie-driver-4.25.0.jar;C:\Users\Cko amo\.m2\repository\org\seleniumhq\selenium\selenium-remote-driver\4.25.0\selenium-remote-driver-4.25.0.jar;C:\Users\Cko amo\.m2\repository\io\opentelemetry\semconv\opentelemetry-semconv\1.25.0-alpha\opentelemetry-semconv-1.25.0-alpha.jar;C:\Users\Cko amo\.m2\repository\io\opentelemetry\opentelemetry-api\1.42.1\opentelemetry-api-1.42.1.jar;C:\Users\Cko amo\.m2\repository\io\opentelemetry\opentelemetry-context\1.42.1\opentelemetry-context-1.42.1.jar;C:\Users\Cko amo\.m2\repository\io\opentelemetry\opentelemetry-exporter-logging\1.42.1\opentelemetry-exporter-logging-1.42.1.jar;C:\Users\Cko amo\.m2\repository\io\opentelemetry\opentelemetry-sdk-common\1.42.1\opentelemetry-sdk-common-1.42.1.jar;C:\Users\Cko amo\.m2\repository\io\opentelemetry\opentelemetry-sdk-extension-autoconfigure-spi\1.42.1\opentelemetry-sdk-extension-autoconfigure-spi-1.42.1.jar;C:\Users\Cko amo\.m2\repository\io\opentelemetry\opentelemetry-sdk-extension-autoconfigure\1.42.1\opentelemetry-sdk-extension-autoconfigure-1.42.1.jar;C:\Users\Cko amo\.m2\repository\io\opentelemetry\opentelemetry-api-incubator\1.42.1-alpha\opentelemetry-api-incubator-1.42.1-alpha.jar;C:\Users\Cko amo\.m2\repository\io\opentelemetry\opentelemetry-sdk-trace\1.42.1\opentelemetry-sdk-trace-1.42.1.jar;C:\Users\Cko amo\.m2\repository\io\opentelemetry\opentelemetry-sdk\1.42.1\opentelemetry-sdk-1.42.1.jar;C:\Users\Cko amo\.m2\repository\io\opentelemetry\opentelemetry-sdk-metrics\1.42.1\opentelemetry-sdk-metrics-1.42.1.jar;C:\Users\Cko amo\.m2\repository\io\opentelemetry\opentelemetry-sdk-logs\1.42.1\opentelemetry-sdk-logs-1.42.1.jar;C:\Users\Cko amo\.m2\repository\org\seleniumhq\selenium\selenium-os\4.25.0\selenium-os-4.25.0.jar;C:\Users\Cko amo\.m2\repository\org\apache\commons\commons-exec\1.4.0\commons-exec-1.4.0.jar;C:\Users\Cko amo\.m2\repository\org\seleniumhq\selenium\selenium-safari-driver\4.25.0\selenium-safari-driver-4.25.0.jar;C:\Users\Cko amo\.m2\repository\org\seleniumhq\selenium\selenium-support\4.25.0\selenium-support-4.25.0.jar;C:\Users\Cko amo\.m2\repository\com\google\auto\service\auto-service-annotations\1.1.1\auto-service-annotations-1.1.1.jar;C:\Users\Cko amo\.m2\repository\com\google\guava\guava\33.3.0-jre\guava-33.3.0-jre.jar;C:\Users\Cko amo\.m2\repository\com\google\guava\failureaccess\1.0.2\failureaccess-1.0.2.jar;C:\Users\Cko amo\.m2\repository\com\google\guava\listenablefuture\9999.0-empty-to-avoid-conflict-with-guava\listenablefuture-9999.0-empty-to-avoid-conflict-with-guava.jar;C:\Users\Cko amo\.m2\repository\com\google\code\findbugs\jsr305\3.0.2\jsr305-3.0.2.jar;C:\Users\Cko amo\.m2\repository\org\checkerframework\checker-qual\3.43.0\checker-qual-3.43.0.jar;C:\Users\Cko amo\.m2\repository\com\google\errorprone\error_prone_annotations\2.28.0\error_prone_annotations-2.28.0.jar;C:\Users\Cko amo\.m2\repository\com\google\j2objc\j2objc-annotations\3.0.0\j2objc-annotations-3.0.0.jar;C:\Users\Cko amo\.m2\repository\net\bytebuddy\byte-buddy\1.15.1\byte-buddy-1.15.1.jar;C:\Users\Cko amo\.m2\repository\org\seleniumhq\selenium\selenium-json\4.25.0\selenium-json-4.25.0.jar;C:\Users\Cko amo\.m2\repository\org\uncommons\reportng\1.1.4\reportng-1.1.4.jar;C:\Users\Cko amo\.m2\repository\velocity\velocity\1.4\velocity-1.4.jar;C:\Users\Cko amo\.m2\repository\com\fasterxml\jackson\core\jackson-core\2.10.0\jackson-core-2.10.0.jar;C:\Users\Cko amo\.m2\repository\com\fasterxml\jackson\core\jackson-databind\2.10.0\jackson-databind-2.10.0.jar;C:\Users\Cko amo\.m2\repository\com\fasterxml\jackson\core\jackson-annotations\2.10.0\jackson-annotations-2.10.0.jar;C:\Users\Cko amo\.m2\repository\com\aventstack\extentreports\5.1.0\extentreports-5.1.0.jar;C:\Users\Cko amo\.m2\repository\io\reactivex\rxjava3\rxjava\3.1.6\rxjava-3.1.6.jar;C:\Users\Cko amo\.m2\repository\org\reactivestreams\reactive-streams\1.0.4\reactive-streams-1.0.4.jar;C:\Users\Cko amo\.m2\repository\org\freemarker\freemarker\2.3.32\freemarker-2.3.32.jar;C:\Users\Cko amo\.m2\repository\org\projectlombok\lombok\1.18.26\lombok-1.18.26.jar;C:\Users\Cko amo\.m2\repository\com\google\code\gson\gson\2.10.1\gson-2.10.1.jar;C:\Users\Cko amo\.m2\repository\org\apache\logging\log4j\log4j-core\2.19.0\log4j-core-2.19.0.jar;C:\Users\Cko amo\.m2\repository\org\apache\logging\log4j\log4j-api\2.19.0\log4j-api-2.19.0.jar;C:\Users\Cko amo\.m2\repository\org\slf4j\slf4j-api\1.7.36\slf4j-api-1.7.36.jar;C:\Users\Cko amo\.m2\repository\velocity\velocity-dep\1.4\velocity-dep-1.4.jar;C:\Users\Cko amo\.m2\repository\com\google\inject\guice\4.1.0\guice-4.1.0.jar;C:\Users\Cko amo\.m2\repository\javax\inject\javax.inject\1\javax.inject-1.jar;C:\Users\Cko amo\.m2\repository\aopalliance\aopalliance\1.0\aopalliance-1.0.jar;C:\Users\Cko amo\.m2\repository\commons-logging\commons-logging\1.2\commons-logging-1.2.jar;C:\Users\Cko amo\.m2\repository\commons-io\commons-io\2.11.0\commons-io-2.11.0.jar;C:\Users\Cko amo\.m2\repository\io\qameta\allure\allure-testng\2.24.0\allure-testng-2.24.0.jar;C:\Users\Cko amo\.m2\repository\io\qameta\allure\allure-java-commons\2.24.0\allure-java-commons-2.24.0.jar;C:\Users\Cko amo\.m2\repository\io\qameta\allure\allure-model\2.24.0\allure-model-2.24.0.jar;C:\Users\Cko amo\.m2\repository\io\qameta\allure\allure-test-filter\2.24.0\allure-test-filter-2.24.0.jar;C:\Users\Cko amo\.m2\repository\org\aspectj\aspectjweaver\1.9.20\aspectjweaver-1.9.20.jar;C:\Users\Cko amo\.m2\repository\org\aeonbits\owner\owner\1.0.12\owner-1.0.12.jar;"/>
    <property name="sun.cpu.endian" value="little"/>
    <property name="user.home" value="C:\Users\Cko amo"/>
    <property name="user.language" value="en"/>
    <property name="java.specification.vendor" value="Oracle Corporation"/>
    <property name="java.version.date" value="2024-04-16"/>
    <property name="java.home" value="C:\Program Files\Java\jdk-17"/>
    <property name="file.separator" value="\"/>
    <property name="style.color" value="always"/>
    <property name="basedir" value="E:\project automation\maven hybrid framework"/>
    <property name="java.vm.compressedOopsMode" value="32-bit"/>
    <property name="line.separator" value="&#10;"/>
    <property name="java.vm.specification.vendor" value="Oracle Corporation"/>
    <property name="java.specification.name" value="Java Platform API Specification"/>
    <property name="surefire.real.class.path" value="C:\Users\Cko amo\AppData\Local\Temp\surefire11740144130652726250\surefirebooter-20241014112202427_3.jar"/>
    <property name="user.script" value=""/>
    <property name="sun.management.compiler" value="HotSpot 64-Bit Tiered Compilers"/>
    <property name="java.runtime.version" value="17.0.11+7-LTS-207"/>
    <property name="user.name" value="Cko amo"/>
    <property name="path.separator" value=";"/>
    <property name="os.version" value="10.0"/>
    <property name="java.runtime.name" value="Java(TM) SE Runtime Environment"/>
    <property name="file.encoding" value="Cp1258"/>
    <property name="java.vm.name" value="Java HotSpot(TM) 64-Bit Server VM"/>
    <property name="localRepository" value="C:\Users\Cko amo\.m2\repository"/>
    <property name="java.vendor.url.bug" value="https://bugreport.java.com/bugreport/"/>
    <property name="java.io.tmpdir" value="C:\Users\CKOAMO~1\AppData\Local\Temp\"/>
    <property name="java.version" value="17.0.11"/>
    <property name="user.dir" value="E:\project automation\maven hybrid framework"/>
    <property name="os.arch" value="amd64"/>
    <property name="java.vm.specification.name" value="Java Virtual Machine Specification"/>
    <property name="user.language.format" value="vi"/>
    <property name="sun.os.patch.level" value=""/>
    <property name="native.encoding" value="Cp1258"/>
    <property name="java.library.path" value="C:\Program Files\Java\jdk-17\bin;C:\Windows\Sun\Java\bin;C:\Windows\system32;C:\Windows;E:/project automation/software/eclipse//plugins/org.eclipse.justj.openjdk.hotspot.jre.full.win32.x86_64_21.0.4.v20240802-1551/jre/bin/server;E:/project automation/software/eclipse//plugins/org.eclipse.justj.openjdk.hotspot.jre.full.win32.x86_64_21.0.4.v20240802-1551/jre/bin;C:\Program Files\Common Files\Oracle\Java\javapath;C:\Windows\system32;C:\Windows;C:\Windows\System32\Wbem;C:\Windows\System32\WindowsPowerShell\v1.0\;C:\Windows\System32\OpenSSH\;C:\Program Files\dotnet\;C:\Program Files\Java\jdk-17\bin;E:\project automation\software\item\allure 2.24.0\allure-2.24.0\bin;C:\Program Files\Git\cmd;E:\project automation\software\item\apache-maven-3.9.9\bin;C:\Users\Cko amo\Desktop\platform-tools_r34.0.0-windows\platform-tools;E:\project automation\software\eclipse;;."/>
    <property name="java.vm.info" value="mixed mode, sharing"/>
    <property name="java.vendor" value="Oracle Corporation"/>
    <property name="java.vm.version" value="17.0.11+7-LTS-207"/>
    <property name="sun.io.unicode.encoding" value="UnicodeLittle"/>
    <property name="java.class.version" value="61.0"/>
  </properties>
  <testcase name="TC_01_Login_Page_Not_User" classname="com.OrangeHRM.admin.Login" time="1.722">
    <system-err><![CDATA[SLF4J: Failed to load class "org.slf4j.impl.StaticLoggerBinder".
SLF4J: Defaulting to no-operation (NOP) logger implementation
SLF4J: See http://www.slf4j.org/codes.html#StaticLoggerBinder for further details.
thg 10 14, 2024 11:22:14 SA com.OrangeHRM.admin.Login verifyTrue
INFO: ---------------------- Passed -----------------------
]]></system-err>
  </testcase>
  <testcase name="TC_01_Login_Page_Not_User" classname="com.OrangeHRM.admin.Login" time="1.256">
    <system-err><![CDATA[thg 10 14, 2024 11:22:45 SA com.OrangeHRM.pim.AddEmployee closeBrowserDriver
INFO: OS name = windows 10
thg 10 14, 2024 11:22:45 SA com.OrangeHRM.pim.AddEmployee closeBrowserDriver
INFO: Driver instance name = firefoxdriver: firefox on windows (4ea0d57e-3818-4693-9fb4-d4e0b64566fd)
thg 10 14, 2024 11:22:50 SA com.OrangeHRM.admin.Login verifyTrue
INFO: ---------------------- Passed -----------------------
]]></system-err>
  </testcase>
  <testcase name="TC_01_Login_Page_Not_User" classname="com.OrangeHRM.admin.Login" time="1.349">
    <system-err><![CDATA[thg 10 14, 2024 11:23:15 SA com.OrangeHRM.pim.AddEmployee closeBrowserDriver
INFO: OS name = windows 10
thg 10 14, 2024 11:23:15 SA com.OrangeHRM.pim.AddEmployee closeBrowserDriver
INFO: Driver instance name = chromedriver: chrome on windows (6349c3bcf1dad95a1e237c06819dfd12)
thg 10 14, 2024 11:23:20 SA com.OrangeHRM.admin.Login verifyTrue
INFO: ---------------------- Passed -----------------------
]]></system-err>
  </testcase>
  <testcase name="TC_02_Login_Page_Not_Password" classname="com.OrangeHRM.admin.Login" time="1.596">
    <system-err><![CDATA[thg 10 14, 2024 11:22:15 SA com.OrangeHRM.admin.Login verifyEquals
INFO: ---------------------- Passed -----------------------
]]></system-err>
  </testcase>
  <testcase name="TC_02_Login_Page_Not_Password" classname="com.OrangeHRM.admin.Login" time="1.081">
    <system-err><![CDATA[thg 10 14, 2024 11:22:51 SA com.OrangeHRM.admin.Login verifyEquals
INFO: ---------------------- Passed -----------------------
]]></system-err>
  </testcase>
  <testcase name="TC_02_Login_Page_Not_Password" classname="com.OrangeHRM.admin.Login" time="1.089">
    <system-err><![CDATA[thg 10 14, 2024 11:23:21 SA com.OrangeHRM.admin.Login verifyEquals
INFO: ---------------------- Passed -----------------------
]]></system-err>
  </testcase>
  <testcase name="TC_03_Login_Page_Wrong_User" classname="com.OrangeHRM.admin.Login" time="2.264">
    <system-err><![CDATA[thg 10 14, 2024 11:22:18 SA com.OrangeHRM.admin.Login verifyEquals
INFO: ---------------------- Passed -----------------------
]]></system-err>
  </testcase>
  <testcase name="TC_03_Login_Page_Wrong_User" classname="com.OrangeHRM.admin.Login" time="2.015">
    <system-err><![CDATA[thg 10 14, 2024 11:22:53 SA com.OrangeHRM.admin.Login verifyEquals
INFO: ---------------------- Passed -----------------------
]]></system-err>
  </testcase>
  <testcase name="TC_03_Login_Page_Wrong_User" classname="com.OrangeHRM.admin.Login" time="1.955">
    <system-err><![CDATA[thg 10 14, 2024 11:23:23 SA com.OrangeHRM.admin.Login verifyEquals
INFO: ---------------------- Passed -----------------------
]]></system-err>
  </testcase>
  <testcase name="TC_04_Login_Page_Wrong_Password" classname="com.OrangeHRM.admin.Login" time="2.612">
    <system-err><![CDATA[thg 10 14, 2024 11:22:20 SA com.OrangeHRM.admin.Login verifyEquals
INFO: ---------------------- Passed -----------------------
]]></system-err>
  </testcase>
  <testcase name="TC_04_Login_Page_Wrong_Password" classname="com.OrangeHRM.admin.Login" time="2.279">
    <system-err><![CDATA[thg 10 14, 2024 11:22:55 SA com.OrangeHRM.admin.Login verifyEquals
INFO: ---------------------- Passed -----------------------
]]></system-err>
  </testcase>
  <testcase name="TC_04_Login_Page_Wrong_Password" classname="com.OrangeHRM.admin.Login" time="2.274">
    <system-err><![CDATA[thg 10 14, 2024 11:23:25 SA com.OrangeHRM.admin.Login verifyEquals
INFO: ---------------------- Passed -----------------------
]]></system-err>
  </testcase>
  <testcase name="TC_05_Login_Page_Successfull" classname="com.OrangeHRM.admin.Login" time="2.443"/>
  <testcase name="TC_05_Login_Page_Successfull" classname="com.OrangeHRM.admin.Login" time="0.978"/>
  <testcase name="TC_05_Login_Page_Successfull" classname="com.OrangeHRM.admin.Login" time="2.113"/>
  <testcase name="TC_01_Creat_New_Employee" classname="com.OrangeHRM.pim.AddEmployee" time="7.269">
    <system-err><![CDATA[thg 10 14, 2024 11:22:23 SA com.OrangeHRM.admin.Login closeBrowserDriver
INFO: OS name = windows 10
thg 10 14, 2024 11:22:23 SA com.OrangeHRM.admin.Login closeBrowserDriver
INFO: Driver instance name = firefoxdriver: firefox on windows (fba2e0e6-a032-4ae3-b81a-bae752a5305d)
]]></system-err>
  </testcase>
  <testcase name="TC_01_Creat_New_Employee" classname="com.OrangeHRM.pim.AddEmployee" time="7.438">
    <system-err><![CDATA[thg 10 14, 2024 11:22:56 SA com.OrangeHRM.admin.Login closeBrowserDriver
INFO: OS name = windows 10
thg 10 14, 2024 11:22:56 SA com.OrangeHRM.admin.Login closeBrowserDriver
INFO: Driver instance name = chromedriver: chrome on windows (77153291ebd96dd68aef4490f4e58acd)
]]></system-err>
  </testcase>
  <testcase name="TC_01_Creat_New_Employee" classname="com.OrangeHRM.pim.AddEmployee" time="7.62">
    <system-err><![CDATA[thg 10 14, 2024 11:23:27 SA com.OrangeHRM.admin.Login closeBrowserDriver
INFO: OS name = windows 10
thg 10 14, 2024 11:23:27 SA com.OrangeHRM.admin.Login closeBrowserDriver
INFO: Driver instance name = edgedriver: microsoftedge on windows (5f8a5e226c3e96f062da18c8085cad64)
]]></system-err>
  </testcase>
</testsuite>