<?xml version="1.0" encoding="UTF-8"?>
<!-- Generated by org.testng.reporters.JUnitReportReporter -->
<testsuite hostname="happybirth" failures="0" tests="1" name="com.OrangeHRM.pim.AddEmployee" time="7.425" errors="0" timestamp="2024-10-13T14:47:18 ICT" skipped="0">
  <testcase classname="com.OrangeHRM.pim.AddEmployee" name="TC_01_Creat_New_Employee" time="7.425"/>
</testsuite> <!-- com.OrangeHRM.pim.AddEmployee -->
